e:\密码学课程设计\密码学课程设计\problem 4. rsa密码系统设计\debug\problem 4. rsa密码系统设计.pch
e:\密码学课程设计\密码学课程设计\problem 4. rsa密码系统设计\debug\vc140.pdb
e:\密码学课程设计\密码学课程设计\problem 4. rsa密码系统设计\debug\vc140.idb
e:\密码学课程设计\密码学课程设计\problem 4. rsa密码系统设计\debug\stdafx.obj
e:\密码学课程设计\密码学课程设计\problem 4. rsa密码系统设计\debug\lint.obj
e:\密码学课程设计\密码学课程设计\problem 4. rsa密码系统设计\debug\miller rabin.obj
e:\密码学课程设计\密码学课程设计\problem 4. rsa密码系统设计\debug\problem 4. rsa密码系统设计.obj
e:\密码学课程设计\密码学课程设计\problem 4. rsa密码系统设计\debug\problem 4. rsa密码系统设计dlg.obj
e:\密码学课程设计\密码学课程设计\problem 4. rsa密码系统设计\debug\dialogcreate.obj
e:\密码学课程设计\密码学课程设计\debug\problem 4. rsa密码系统设计.ilk
e:\密码学课程设计\密码学课程设计\debug\problem 4. rsa密码系统设计.exe
e:\密码学课程设计\密码学课程设计\debug\problem 4. rsa密码系统设计.pdb
e:\密码学课程设计\密码学课程设计\problem 4. rsa密码系统设计\debug\problem 4. rsa密码系统设计.res
e:\密码学课程设计\密码学课程设计\problem 4. rsa密码系统设计\debug\problem .0f65c5b0.tlog\cl.command.1.tlog
e:\密码学课程设计\密码学课程设计\problem 4. rsa密码系统设计\debug\problem .0f65c5b0.tlog\cl.read.1.tlog
e:\密码学课程设计\密码学课程设计\problem 4. rsa密码系统设计\debug\problem .0f65c5b0.tlog\cl.write.1.tlog
e:\密码学课程设计\密码学课程设计\problem 4. rsa密码系统设计\debug\problem .0f65c5b0.tlog\link.command.1.tlog
e:\密码学课程设计\密码学课程设计\problem 4. rsa密码系统设计\debug\problem .0f65c5b0.tlog\link.read.1.tlog
e:\密码学课程设计\密码学课程设计\problem 4. rsa密码系统设计\debug\problem .0f65c5b0.tlog\link.write.1.tlog
e:\密码学课程设计\密码学课程设计\problem 4. rsa密码系统设计\debug\problem .0f65c5b0.tlog\rc.command.1.tlog
e:\密码学课程设计\密码学课程设计\problem 4. rsa密码系统设计\debug\problem .0f65c5b0.tlog\rc.read.1.tlog
e:\密码学课程设计\密码学课程设计\problem 4. rsa密码系统设计\debug\problem .0f65c5b0.tlog\rc.write.1.tlog
