e:\密码学课程设计\密码学课程设计\problem 6. schnorr身份识别协议的实现 server\debug\problem 6. schnorr身份识别协议的实现server.pch
e:\密码学课程设计\密码学课程设计\problem 6. schnorr身份识别协议的实现 server\debug\vc140.pdb
e:\密码学课程设计\密码学课程设计\problem 6. schnorr身份识别协议的实现 server\debug\vc140.idb
e:\密码学课程设计\密码学课程设计\problem 6. schnorr身份识别协议的实现 server\debug\stdafx.obj
e:\密码学课程设计\密码学课程设计\problem 6. schnorr身份识别协议的实现 server\debug\problem 1. 网络聊天程序的设计与实现 server.obj
e:\密码学课程设计\密码学课程设计\problem 6. schnorr身份识别协议的实现 server\debug\serverdlg.obj
e:\密码学课程设计\密码学课程设计\problem 6. schnorr身份识别协议的实现 server\debug\miller rabin.obj
e:\密码学课程设计\密码学课程设计\problem 6. schnorr身份识别协议的实现 server\debug\lint.obj
e:\密码学课程设计\密码学课程设计\debug\problem 6. schnorr身份识别协议的实现server.ilk
e:\密码学课程设计\密码学课程设计\debug\problem 6. schnorr身份识别协议的实现server.exe
e:\密码学课程设计\密码学课程设计\debug\problem 6. schnorr身份识别协议的实现server.pdb
e:\密码学课程设计\密码学课程设计\problem 6. schnorr身份识别协议的实现 server\debug\problem 1. 网络聊天程序的设计与实现 server.res
e:\密码学课程设计\密码学课程设计\problem 6. schnorr身份识别协议的实现 server\debug\problem 1. 网络聊天程序的设计与实现 server.pch
e:\密码学课程设计\密码学课程设计\problem 6. schnorr身份识别协议的实现 server\debug\problem .ef7600c7.tlog\cl.command.1.tlog
e:\密码学课程设计\密码学课程设计\problem 6. schnorr身份识别协议的实现 server\debug\problem .ef7600c7.tlog\cl.read.1.tlog
e:\密码学课程设计\密码学课程设计\problem 6. schnorr身份识别协议的实现 server\debug\problem .ef7600c7.tlog\cl.write.1.tlog
e:\密码学课程设计\密码学课程设计\problem 6. schnorr身份识别协议的实现 server\debug\problem .ef7600c7.tlog\link.command.1.tlog
e:\密码学课程设计\密码学课程设计\problem 6. schnorr身份识别协议的实现 server\debug\problem .ef7600c7.tlog\link.read.1.tlog
e:\密码学课程设计\密码学课程设计\problem 6. schnorr身份识别协议的实现 server\debug\problem .ef7600c7.tlog\link.write.1.tlog
e:\密码学课程设计\密码学课程设计\problem 6. schnorr身份识别协议的实现 server\debug\problem .ef7600c7.tlog\rc.command.1.tlog
e:\密码学课程设计\密码学课程设计\problem 6. schnorr身份识别协议的实现 server\debug\problem .ef7600c7.tlog\rc.read.1.tlog
e:\密码学课程设计\密码学课程设计\problem 6. schnorr身份识别协议的实现 server\debug\problem .ef7600c7.tlog\rc.write.1.tlog
