e:\密码学课程设计\密码学课程设计\problem 6. schnorr身份识别协议的实现 client\debug\problem 6. schnorr身份识别协议的实现 client.pch
e:\密码学课程设计\密码学课程设计\problem 6. schnorr身份识别协议的实现 client\debug\vc140.pdb
e:\密码学课程设计\密码学课程设计\problem 6. schnorr身份识别协议的实现 client\debug\vc140.idb
e:\密码学课程设计\密码学课程设计\problem 6. schnorr身份识别协议的实现 client\debug\stdafx.obj
e:\密码学课程设计\密码学课程设计\problem 6. schnorr身份识别协议的实现 client\debug\problem 1. 网络聊天程序的设计与实现 client.obj
e:\密码学课程设计\密码学课程设计\problem 6. schnorr身份识别协议的实现 client\debug\cclientdlg.obj
e:\密码学课程设计\密码学课程设计\problem 6. schnorr身份识别协议的实现 client\debug\miller rabin.obj
e:\密码学课程设计\密码学课程设计\problem 6. schnorr身份识别协议的实现 client\debug\lint.obj
e:\密码学课程设计\密码学课程设计\debug\problem 6. schnorr身份识别协议的实现 client.ilk
e:\密码学课程设计\密码学课程设计\debug\problem 6. schnorr身份识别协议的实现 client.exe
e:\密码学课程设计\密码学课程设计\debug\problem 6. schnorr身份识别协议的实现 client.pdb
e:\密码学课程设计\密码学课程设计\problem 6. schnorr身份识别协议的实现 client\debug\problem 1. 网络聊天程序的设计与实现 client.res
e:\密码学课程设计\密码学课程设计\problem 6. schnorr身份识别协议的实现 client\debug\problem .43a90de2.tlog\cl.command.1.tlog
e:\密码学课程设计\密码学课程设计\problem 6. schnorr身份识别协议的实现 client\debug\problem .43a90de2.tlog\cl.read.1.tlog
e:\密码学课程设计\密码学课程设计\problem 6. schnorr身份识别协议的实现 client\debug\problem .43a90de2.tlog\cl.write.1.tlog
e:\密码学课程设计\密码学课程设计\problem 6. schnorr身份识别协议的实现 client\debug\problem .43a90de2.tlog\link.command.1.tlog
e:\密码学课程设计\密码学课程设计\problem 6. schnorr身份识别协议的实现 client\debug\problem .43a90de2.tlog\link.read.1.tlog
e:\密码学课程设计\密码学课程设计\problem 6. schnorr身份识别协议的实现 client\debug\problem .43a90de2.tlog\link.write.1.tlog
e:\密码学课程设计\密码学课程设计\problem 6. schnorr身份识别协议的实现 client\debug\problem .43a90de2.tlog\rc.command.1.tlog
e:\密码学课程设计\密码学课程设计\problem 6. schnorr身份识别协议的实现 client\debug\problem .43a90de2.tlog\rc.read.1.tlog
e:\密码学课程设计\密码学课程设计\problem 6. schnorr身份识别协议的实现 client\debug\problem .43a90de2.tlog\rc.write.1.tlog
