e:\密码学课程设计\密码学课程设计\problem 2. md5的实现\debug\vc140.pdb
e:\密码学课程设计\密码学课程设计\problem 2. md5的实现\debug\vc140.idb
e:\密码学课程设计\密码学课程设计\problem 2. md5的实现\debug\problem 2. md5的实现.pch
e:\密码学课程设计\密码学课程设计\problem 2. md5的实现\debug\stdafx.obj
e:\密码学课程设计\密码学课程设计\problem 2. md5的实现\debug\problem 2. md5的实现.obj
e:\密码学课程设计\密码学课程设计\problem 2. md5的实现\debug\problem 2. md5的实现dlg.obj
e:\密码学课程设计\密码学课程设计\problem 2. md5的实现\debug\md5.obj
e:\密码学课程设计\密码学课程设计\debug\problem 2. md5的实现.ilk
e:\密码学课程设计\密码学课程设计\debug\problem 2. md5的实现.exe
e:\密码学课程设计\密码学课程设计\debug\problem 2. md5的实现.pdb
e:\密码学课程设计\密码学课程设计\problem 2. md5的实现\debug\problem 2. md5的实现.res
e:\密码学课程设计\密码学课程设计\problem 2. md5的实现\debug\problem .ffcd624a.tlog\cl.command.1.tlog
e:\密码学课程设计\密码学课程设计\problem 2. md5的实现\debug\problem .ffcd624a.tlog\cl.read.1.tlog
e:\密码学课程设计\密码学课程设计\problem 2. md5的实现\debug\problem .ffcd624a.tlog\cl.write.1.tlog
e:\密码学课程设计\密码学课程设计\problem 2. md5的实现\debug\problem .ffcd624a.tlog\link.command.1.tlog
e:\密码学课程设计\密码学课程设计\problem 2. md5的实现\debug\problem .ffcd624a.tlog\link.read.1.tlog
e:\密码学课程设计\密码学课程设计\problem 2. md5的实现\debug\problem .ffcd624a.tlog\link.write.1.tlog
e:\密码学课程设计\密码学课程设计\problem 2. md5的实现\debug\problem .ffcd624a.tlog\rc.command.1.tlog
e:\密码学课程设计\密码学课程设计\problem 2. md5的实现\debug\problem .ffcd624a.tlog\rc.read.1.tlog
e:\密码学课程设计\密码学课程设计\problem 2. md5的实现\debug\problem .ffcd624a.tlog\rc.write.1.tlog
