e:\密码学课程设计\密码学课程设计\problem 5. elgamal数字签名方案\debug\problem 5. elgamal数字签名方案.pch
e:\密码学课程设计\密码学课程设计\problem 5. elgamal数字签名方案\debug\vc140.pdb
e:\密码学课程设计\密码学课程设计\problem 5. elgamal数字签名方案\debug\vc140.idb
e:\密码学课程设计\密码学课程设计\problem 5. elgamal数字签名方案\debug\stdafx.obj
e:\密码学课程设计\密码学课程设计\problem 5. elgamal数字签名方案\debug\miller rabin.obj
e:\密码学课程设计\密码学课程设计\problem 5. elgamal数字签名方案\debug\problem 5. elgamal数字签名方案.obj
e:\密码学课程设计\密码学课程设计\problem 5. elgamal数字签名方案\debug\lint.obj
e:\密码学课程设计\密码学课程设计\problem 5. elgamal数字签名方案\debug\problem 5. elgamal数字签名方案dlg.obj
e:\密码学课程设计\密码学课程设计\debug\problem 5. elgamal数字签名方案.ilk
e:\密码学课程设计\密码学课程设计\debug\problem 5. elgamal数字签名方案.exe
e:\密码学课程设计\密码学课程设计\debug\problem 5. elgamal数字签名方案.pdb
e:\密码学课程设计\密码学课程设计\problem 5. elgamal数字签名方案\debug\problem 5. elgamal数字签名方案.res
e:\密码学课程设计\密码学课程设计\problem 5. elgamal数字签名方案\debug\problem .5b0f9491.tlog\cl.command.1.tlog
e:\密码学课程设计\密码学课程设计\problem 5. elgamal数字签名方案\debug\problem .5b0f9491.tlog\cl.read.1.tlog
e:\密码学课程设计\密码学课程设计\problem 5. elgamal数字签名方案\debug\problem .5b0f9491.tlog\cl.write.1.tlog
e:\密码学课程设计\密码学课程设计\problem 5. elgamal数字签名方案\debug\problem .5b0f9491.tlog\link.command.1.tlog
e:\密码学课程设计\密码学课程设计\problem 5. elgamal数字签名方案\debug\problem .5b0f9491.tlog\link.read.1.tlog
e:\密码学课程设计\密码学课程设计\problem 5. elgamal数字签名方案\debug\problem .5b0f9491.tlog\link.write.1.tlog
e:\密码学课程设计\密码学课程设计\problem 5. elgamal数字签名方案\debug\problem .5b0f9491.tlog\rc.command.1.tlog
e:\密码学课程设计\密码学课程设计\problem 5. elgamal数字签名方案\debug\problem .5b0f9491.tlog\rc.read.1.tlog
e:\密码学课程设计\密码学课程设计\problem 5. elgamal数字签名方案\debug\problem .5b0f9491.tlog\rc.write.1.tlog
